[0;33mdefault, myrelease-myapp, Deployment (apps) has changed:[0m
  # Source: myapp/templates/deployment.yaml
  apiVersion: apps/v1
  kind: Deployment
  metadata:
    name: myrelease-myapp
    labels:

      app.kubernetes.io/name: myapp
      app.kubernetes.io/instance: myrelease
      app.kubernetes.io/version: "1.0.0"
      app.kubernetes.io/managed-by: Helm
      helm.sh/chart: "myapp-0.1.0"
  spec:
[0;31m-   replicas: 1[0m
[0;32m+   replicas: 3[0m
    selector:
      matchLabels:
        app.kubernetes.io/name: myapp
        app.kubernetes.io/instance: myrelease
    template:
      metadata:
        labels:

          app.kubernetes.io/name: myapp
          app.kubernetes.io/instance: myrelease
          app.kubernetes.io/version: "1.0.0"
          app.kubernetes.io/managed-by: Helm
          helm.sh/chart: "myapp-0.1.0"
      spec:
        containers:
          - name: myapp
            image: "nginx:1.27"
            imagePullPolicy: IfNotPresent
            ports:
              - name: http
                containerPort: 80
                protocol: TCP
